[28-Apr-2021 15:08:51 UTC] avem userul de git
[29-Apr-2021 03:42:11 UTC] avem userul de git
[29-Apr-2021 04:58:28 UTC] am obtinut tokenul
[29-Apr-2021 05:00:40 UTC] am obtinut tokenul
[29-Apr-2021 05:00:46 UTC] am obtinut tokenul
[29-Apr-2021 05:02:05 UTC] am obtinut tokenul
[29-Apr-2021 05:11:26 UTC] am obtinut tokenul
[29-Apr-2021 05:15:29 UTC] avem userul de git
[29-Apr-2021 05:15:37 UTC] am obtinut tokenul
[29-Apr-2021 05:16:08 UTC] am obtinut tokenul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
[29-Apr-2021 05:16:09 UTC] avem userul de git
[29-Apr-2021 05:16:10 UTC] avem userul de git
[29-Apr-2021 05:17:27 UTC] am obtinut tokenul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
[29-Apr-2021 05:17:28 UTC] avem userul de git
[29-Apr-2021 05:17:29 UTC] avem userul de git
[29-Apr-2021 05:20:26 UTC] am obtinut tokenul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
[29-Apr-2021 05:20:26 UTC] avem userul de git
[29-Apr-2021 05:20:26 UTC] avem userul de git
[29-Apr-2021 05:25:18 UTC] avem userul de git
[29-Apr-2021 05:27:09 UTC] am obtinut tokenul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
[29-Apr-2021 05:27:10 UTC] avem userul de git
[29-Apr-2021 05:27:11 UTC] avem userul de git
[29-Apr-2021 07:54:49 UTC] am obtinut tokenul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
[29-Apr-2021 07:54:50 UTC] avem userul de git
[29-Apr-2021 07:54:50 UTC] avem userul de git
[29-Apr-2021 09:16:13 UTC] am obtinut tokenul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
[29-Apr-2021 09:16:14 UTC] avem userul de git
[29-Apr-2021 09:16:15 UTC] avem userul de git
